<?xml version="1.0" encoding="UTF-8"?>
<testsuite xmlns:xsi="http://www.w3.org/2001/XMLSchema-instance" xsi:noNamespaceSchemaLocation="https://maven.apache.org/surefire/maven-surefire-plugin/xsd/surefire-test-report.xsd" name="xd.AppTest" time="0.086" tests="1" errors="0" skipped="0" failures="0">
  <properties>
    <property name="awt.toolkit" value="sun.awt.X11.XToolkit"/>
    <property name="java.specification.version" value="11"/>
    <property name="sun.cpu.isalist" value=""/>
    <property name="sun.jnu.encoding" value="UTF-8"/>
    <property name="java.class.path" value="/media/lukas/shared/projects/studia-big-data/zadanie1/xd/target/test-classes:/media/lukas/shared/projects/studia-big-data/zadanie1/xd/target/classes:/home/lukas/.m2/repository/junit/junit/4.11/junit-4.11.jar:/home/lukas/.m2/repository/org/hamcrest/hamcrest-core/1.3/hamcrest-core-1.3.jar:/home/lukas/.m2/repository/org/apache/hadoop/hadoop-core/1.0.3/hadoop-core-1.0.3.jar:/home/lukas/.m2/repository/commons-cli/commons-cli/1.2/commons-cli-1.2.jar:/home/lukas/.m2/repository/xmlenc/xmlenc/0.52/xmlenc-0.52.jar:/home/lukas/.m2/repository/commons-httpclient/commons-httpclient/3.0.1/commons-httpclient-3.0.1.jar:/home/lukas/.m2/repository/commons-logging/commons-logging/1.0.3/commons-logging-1.0.3.jar:/home/lukas/.m2/repository/commons-codec/commons-codec/1.4/commons-codec-1.4.jar:/home/lukas/.m2/repository/org/apache/commons/commons-math/2.1/commons-math-2.1.jar:/home/lukas/.m2/repository/commons-configuration/commons-configuration/1.6/commons-configuration-1.6.jar:/home/lukas/.m2/repository/commons-collections/commons-collections/3.2.1/commons-collections-3.2.1.jar:/home/lukas/.m2/repository/commons-lang/commons-lang/2.4/commons-lang-2.4.jar:/home/lukas/.m2/repository/commons-digester/commons-digester/1.8/commons-digester-1.8.jar:/home/lukas/.m2/repository/commons-beanutils/commons-beanutils/1.7.0/commons-beanutils-1.7.0.jar:/home/lukas/.m2/repository/commons-beanutils/commons-beanutils-core/1.8.0/commons-beanutils-core-1.8.0.jar:/home/lukas/.m2/repository/commons-net/commons-net/1.4.1/commons-net-1.4.1.jar:/home/lukas/.m2/repository/org/mortbay/jetty/jetty/6.1.26/jetty-6.1.26.jar:/home/lukas/.m2/repository/org/mortbay/jetty/servlet-api/2.5-20081211/servlet-api-2.5-20081211.jar:/home/lukas/.m2/repository/org/mortbay/jetty/jetty-util/6.1.26/jetty-util-6.1.26.jar:/home/lukas/.m2/repository/tomcat/jasper-runtime/5.5.12/jasper-runtime-5.5.12.jar:/home/lukas/.m2/repository/tomcat/jasper-compiler/5.5.12/jasper-compiler-5.5.12.jar:/home/lukas/.m2/repository/org/mortbay/jetty/jsp-api-2.1/6.1.14/jsp-api-2.1-6.1.14.jar:/home/lukas/.m2/repository/org/mortbay/jetty/servlet-api-2.5/6.1.14/servlet-api-2.5-6.1.14.jar:/home/lukas/.m2/repository/org/mortbay/jetty/jsp-2.1/6.1.14/jsp-2.1-6.1.14.jar:/home/lukas/.m2/repository/ant/ant/1.6.5/ant-1.6.5.jar:/home/lukas/.m2/repository/commons-el/commons-el/1.0/commons-el-1.0.jar:/home/lukas/.m2/repository/net/java/dev/jets3t/jets3t/0.7.1/jets3t-0.7.1.jar:/home/lukas/.m2/repository/net/sf/kosmosfs/kfs/0.3/kfs-0.3.jar:/home/lukas/.m2/repository/hsqldb/hsqldb/1.8.0.10/hsqldb-1.8.0.10.jar:/home/lukas/.m2/repository/oro/oro/2.0.8/oro-2.0.8.jar:/home/lukas/.m2/repository/org/eclipse/jdt/core/3.1.1/core-3.1.1.jar:/home/lukas/.m2/repository/org/codehaus/jackson/jackson-mapper-asl/1.0.1/jackson-mapper-asl-1.0.1.jar:/home/lukas/.m2/repository/org/codehaus/jackson/jackson-core-asl/1.0.1/jackson-core-asl-1.0.1.jar:/home/lukas/.m2/repository/org/apache/hadoop/hadoop-mapreduce-client-core/0.23.1/hadoop-mapreduce-client-core-0.23.1.jar:"/>
    <property name="java.vm.vendor" value="Oracle Corporation"/>
    <property name="sun.arch.data.model" value="64"/>
    <property name="java.vendor.url" value="https://openjdk.java.net/"/>
    <property name="user.timezone" value=""/>
    <property name="java.vm.specification.version" value="11"/>
    <property name="os.name" value="Linux"/>
    <property name="sun.java.launcher" value="SUN_STANDARD"/>
    <property name="user.country" value="US"/>
    <property name="sun.boot.library.path" value="/usr/lib/jvm/jdk-11.0.10/lib"/>
    <property name="sun.java.command" value="/media/lukas/shared/projects/studia-big-data/zadanie1/xd/target/surefire/surefirebooter16675714726499015665.jar /media/lukas/shared/projects/studia-big-data/zadanie1/xd/target/surefire 2021-03-17T16-49-26_319-jvmRun1 surefire8197673821294499470tmp surefire_016124834990115584658tmp"/>
    <property name="jdk.debug" value="release"/>
    <property name="surefire.test.class.path" value="/media/lukas/shared/projects/studia-big-data/zadanie1/xd/target/test-classes:/media/lukas/shared/projects/studia-big-data/zadanie1/xd/target/classes:/home/lukas/.m2/repository/junit/junit/4.11/junit-4.11.jar:/home/lukas/.m2/repository/org/hamcrest/hamcrest-core/1.3/hamcrest-core-1.3.jar:/home/lukas/.m2/repository/org/apache/hadoop/hadoop-core/1.0.3/hadoop-core-1.0.3.jar:/home/lukas/.m2/repository/commons-cli/commons-cli/1.2/commons-cli-1.2.jar:/home/lukas/.m2/repository/xmlenc/xmlenc/0.52/xmlenc-0.52.jar:/home/lukas/.m2/repository/commons-httpclient/commons-httpclient/3.0.1/commons-httpclient-3.0.1.jar:/home/lukas/.m2/repository/commons-logging/commons-logging/1.0.3/commons-logging-1.0.3.jar:/home/lukas/.m2/repository/commons-codec/commons-codec/1.4/commons-codec-1.4.jar:/home/lukas/.m2/repository/org/apache/commons/commons-math/2.1/commons-math-2.1.jar:/home/lukas/.m2/repository/commons-configuration/commons-configuration/1.6/commons-configuration-1.6.jar:/home/lukas/.m2/repository/commons-collections/commons-collections/3.2.1/commons-collections-3.2.1.jar:/home/lukas/.m2/repository/commons-lang/commons-lang/2.4/commons-lang-2.4.jar:/home/lukas/.m2/repository/commons-digester/commons-digester/1.8/commons-digester-1.8.jar:/home/lukas/.m2/repository/commons-beanutils/commons-beanutils/1.7.0/commons-beanutils-1.7.0.jar:/home/lukas/.m2/repository/commons-beanutils/commons-beanutils-core/1.8.0/commons-beanutils-core-1.8.0.jar:/home/lukas/.m2/repository/commons-net/commons-net/1.4.1/commons-net-1.4.1.jar:/home/lukas/.m2/repository/org/mortbay/jetty/jetty/6.1.26/jetty-6.1.26.jar:/home/lukas/.m2/repository/org/mortbay/jetty/servlet-api/2.5-20081211/servlet-api-2.5-20081211.jar:/home/lukas/.m2/repository/org/mortbay/jetty/jetty-util/6.1.26/jetty-util-6.1.26.jar:/home/lukas/.m2/repository/tomcat/jasper-runtime/5.5.12/jasper-runtime-5.5.12.jar:/home/lukas/.m2/repository/tomcat/jasper-compiler/5.5.12/jasper-compiler-5.5.12.jar:/home/lukas/.m2/repository/org/mortbay/jetty/jsp-api-2.1/6.1.14/jsp-api-2.1-6.1.14.jar:/home/lukas/.m2/repository/org/mortbay/jetty/servlet-api-2.5/6.1.14/servlet-api-2.5-6.1.14.jar:/home/lukas/.m2/repository/org/mortbay/jetty/jsp-2.1/6.1.14/jsp-2.1-6.1.14.jar:/home/lukas/.m2/repository/ant/ant/1.6.5/ant-1.6.5.jar:/home/lukas/.m2/repository/commons-el/commons-el/1.0/commons-el-1.0.jar:/home/lukas/.m2/repository/net/java/dev/jets3t/jets3t/0.7.1/jets3t-0.7.1.jar:/home/lukas/.m2/repository/net/sf/kosmosfs/kfs/0.3/kfs-0.3.jar:/home/lukas/.m2/repository/hsqldb/hsqldb/1.8.0.10/hsqldb-1.8.0.10.jar:/home/lukas/.m2/repository/oro/oro/2.0.8/oro-2.0.8.jar:/home/lukas/.m2/repository/org/eclipse/jdt/core/3.1.1/core-3.1.1.jar:/home/lukas/.m2/repository/org/codehaus/jackson/jackson-mapper-asl/1.0.1/jackson-mapper-asl-1.0.1.jar:/home/lukas/.m2/repository/org/codehaus/jackson/jackson-core-asl/1.0.1/jackson-core-asl-1.0.1.jar:/home/lukas/.m2/repository/org/apache/hadoop/hadoop-mapreduce-client-core/0.23.1/hadoop-mapreduce-client-core-0.23.1.jar:"/>
    <property name="sun.cpu.endian" value="little"/>
    <property name="user.home" value="/home/lukas"/>
    <property name="user.language" value="en"/>
    <property name="java.specification.vendor" value="Oracle Corporation"/>
    <property name="java.version.date" value="2021-01-19"/>
    <property name="java.home" value="/usr/lib/jvm/jdk-11.0.10"/>
    <property name="file.separator" value="/"/>
    <property name="basedir" value="/media/lukas/shared/projects/studia-big-data/zadanie1/xd"/>
    <property name="java.vm.compressedOopsMode" value="Zero based"/>
    <property name="line.separator" value="&#10;"/>
    <property name="java.specification.name" value="Java Platform API Specification"/>
    <property name="java.vm.specification.vendor" value="Oracle Corporation"/>
    <property name="java.awt.graphicsenv" value="sun.awt.X11GraphicsEnvironment"/>
    <property name="surefire.real.class.path" value="/media/lukas/shared/projects/studia-big-data/zadanie1/xd/target/surefire/surefirebooter16675714726499015665.jar"/>
    <property name="sun.management.compiler" value="HotSpot 64-Bit Tiered Compilers"/>
    <property name="java.runtime.version" value="11.0.10+8-LTS-162"/>
    <property name="user.name" value="lukas"/>
    <property name="path.separator" value=":"/>
    <property name="os.version" value="5.4.0-67-generic"/>
    <property name="java.runtime.name" value="Java(TM) SE Runtime Environment"/>
    <property name="file.encoding" value="UTF-8"/>
    <property name="java.vm.name" value="Java HotSpot(TM) 64-Bit Server VM"/>
    <property name="java.vendor.version" value="18.9"/>
    <property name="localRepository" value="/home/lukas/.m2/repository"/>
    <property name="java.vendor.url.bug" value="https://bugreport.java.com/bugreport/"/>
    <property name="java.io.tmpdir" value="/tmp"/>
    <property name="java.version" value="11.0.10"/>
    <property name="user.dir" value="/media/lukas/shared/projects/studia-big-data/zadanie1/xd"/>
    <property name="os.arch" value="amd64"/>
    <property name="java.vm.specification.name" value="Java Virtual Machine Specification"/>
    <property name="java.awt.printerjob" value="sun.print.PSPrinterJob"/>
    <property name="sun.os.patch.level" value="unknown"/>
    <property name="java.library.path" value="/usr/java/packages/lib:/usr/lib64:/lib64:/lib:/usr/lib"/>
    <property name="java.vendor" value="Oracle Corporation"/>
    <property name="java.vm.info" value="mixed mode"/>
    <property name="java.vm.version" value="11.0.10+8-LTS-162"/>
    <property name="sun.io.unicode.encoding" value="UnicodeLittle"/>
    <property name="java.class.version" value="55.0"/>
  </properties>
  <testcase name="shouldAnswerWithTrue" classname="xd.AppTest" time="0.003"/>
</testsuite>